[0.131s] Invoking command in '/home/unitree/manipulation/button/vba/tracik_ws/build/trac_ik_lib': CMAKE_PREFIX_PATH=${CMAKE_PREFIX_PATH}:/opt/ros/foxy /home/unitree/.local/bin/cmake /home/unitree/manipulation/button/vba/tracik_ws/src/trac_ik/trac_ik_lib -DCMAKE_BUILD_TYPE=Release -DCMAKE_INSTALL_PREFIX=/home/unitree/manipulation/button/vba/tracik_ws/install/trac_ik_lib
[0.192s] [0mCMake Deprecation Warning at CMakeLists.txt:1 (cmake_minimum_required):
[0.192s]   Compatibility with CMake < 3.10 will be removed from a future version of
[0.192s]   CMake.
[0.192s] 
[0.192s]   Update the VERSION argument <min> value.  Or, use the <min>...<max> syntax
[0.192s]   to tell CMake that the project requires at least <min> but has been updated
[0.192s]   to work with policies introduced by <max> or earlier.
[0.192s] 
[0.192s] [0m
[0.198s] -- Found ament_cmake: 0.9.12 (/opt/ros/foxy/share/ament_cmake/cmake)
[0.201s] [33mCMake Warning (dev) at /opt/ros/foxy/share/ament_cmake_core/cmake/core/python.cmake:22 (find_package):
[0.201s]   Policy CMP0148 is not set: The FindPythonInterp and FindPythonLibs modules
[0.201s]   are removed.  Run "cmake --help-policy CMP0148" for policy details.  Use
[0.201s]   the cmake_policy command to set the policy and suppress this warning.
[0.201s] 
[0.201s] Call Stack (most recent call first):
[0.201s]   /opt/ros/foxy/share/ament_cmake_core/cmake/core/all.cmake:53 (include)
[0.201s]   /opt/ros/foxy/share/ament_cmake_core/cmake/ament_cmake_core-extras.cmake:17 (include)
[0.202s]   /opt/ros/foxy/share/ament_cmake_core/cmake/ament_cmake_coreConfig.cmake:41 (include)
[0.202s]   /opt/ros/foxy/share/ament_cmake/cmake/ament_cmake_export_dependencies-extras.cmake:15 (find_package)
[0.202s]   /opt/ros/foxy/share/ament_cmake/cmake/ament_cmakeConfig.cmake:41 (include)
[0.202s]   CMakeLists.txt:9 (find_package)
[0.202s] This warning is for project developers.  Use -Wno-dev to suppress it.
[0.202s] [0m
[0.216s] -- Using PYTHON_EXECUTABLE: /usr/bin/python3
[0.335s] -- Found eigen3_cmake_module: 0.1.1 (/opt/ros/foxy/share/eigen3_cmake_module/cmake)
[0.335s] -- Found geometry_msgs: 2.0.5 (/opt/ros/foxy/share/geometry_msgs/cmake)
[0.350s] -- Using all available rosidl_typesupport_c: rosidl_typesupport_fastrtps_c;rosidl_typesupport_introspection_c
[0.353s] -- Found rosidl_adapter: 1.3.1 (/opt/ros/foxy/share/rosidl_adapter/cmake)
[0.456s] -- Using all available rosidl_typesupport_cpp: rosidl_typesupport_fastrtps_cpp;rosidl_typesupport_introspection_cpp
[0.509s] -- Found kdl_parser: 2.4.1 (/opt/ros/foxy/share/kdl_parser/cmake)
[0.521s] -- Found rclcpp: 2.4.3 (/opt/ros/foxy/share/rclcpp/cmake)
[0.582s] -- Found rmw_implementation_cmake: 1.0.4 (/opt/ros/foxy/share/rmw_implementation_cmake/cmake)
[0.584s] -- Using RMW implementation 'rmw_cyclonedds_cpp' as default
[0.586s] -- Performing Test CMAKE_HAVE_LIBC_PTHREAD
[0.638s] -- Performing Test CMAKE_HAVE_LIBC_PTHREAD - Failed
[0.638s] -- Looking for pthread_create in pthreads
[0.678s] -- Looking for pthread_create in pthreads - not found
[0.678s] -- Looking for pthread_create in pthread
[0.726s] -- Looking for pthread_create in pthread - found
[0.727s] -- Found Threads: TRUE
[0.828s] -- Found urdf: 2.4.0 (/opt/ros/foxy/share/urdf/cmake)
[0.916s] -- Configuring done (0.7s)
[0.925s] -- Generating done (0.0s)
[0.937s] -- Build files have been written to: /home/unitree/manipulation/button/vba/tracik_ws/build/trac_ik_lib
[0.942s] Invoked command in '/home/unitree/manipulation/button/vba/tracik_ws/build/trac_ik_lib' returned '0': CMAKE_PREFIX_PATH=${CMAKE_PREFIX_PATH}:/opt/ros/foxy /home/unitree/.local/bin/cmake /home/unitree/manipulation/button/vba/tracik_ws/src/trac_ik/trac_ik_lib -DCMAKE_BUILD_TYPE=Release -DCMAKE_INSTALL_PREFIX=/home/unitree/manipulation/button/vba/tracik_ws/install/trac_ik_lib
[0.945s] Invoking command in '/home/unitree/manipulation/button/vba/tracik_ws/build/trac_ik_lib': CMAKE_PREFIX_PATH=${CMAKE_PREFIX_PATH}:/opt/ros/foxy /home/unitree/.local/bin/cmake --build /home/unitree/manipulation/button/vba/tracik_ws/build/trac_ik_lib -- -j12 -l12
[1.007s] [ 50%] [32mBuilding CXX object CMakeFiles/trac_ik.dir/src/kdl_tl.cpp.o[0m
[1.007s] [ 50%] [32mBuilding CXX object CMakeFiles/trac_ik.dir/src/nlopt_ik.cpp.o[0m
[1.008s] [ 75%] [32mBuilding CXX object CMakeFiles/trac_ik.dir/src/trac_ik.cpp.o[0m
[1.214s] [01m[K/home/unitree/manipulation/button/vba/tracik_ws/src/trac_ik/trac_ik_lib/src/trac_ik.cpp:37:10:[m[K [01;31m[Kfatal error: [m[Kurdf/model.hpp: No such file or directory
[1.214s]    37 | #include [01;31m[K<urdf/model.hpp>[m[K
[1.214s]       |          [01;31m[K^~~~~~~~~~~~~~~~[m[K
[1.214s] compilation terminated.
[1.219s] make[2]: *** [CMakeFiles/trac_ik.dir/build.make:107: CMakeFiles/trac_ik.dir/src/trac_ik.cpp.o] Error 1
[1.219s] make[2]: *** Waiting for unfinished jobs....
[3.801s] make[1]: *** [CMakeFiles/Makefile2:153: CMakeFiles/trac_ik.dir/all] Error 2
[3.801s] make: *** [Makefile:146: all] Error 2
[3.802s] Invoked command in '/home/unitree/manipulation/button/vba/tracik_ws/build/trac_ik_lib' returned '2': CMAKE_PREFIX_PATH=${CMAKE_PREFIX_PATH}:/opt/ros/foxy /home/unitree/.local/bin/cmake --build /home/unitree/manipulation/button/vba/tracik_ws/build/trac_ik_lib -- -j12 -l12
